<?xml version="1.0" encoding="UTF-8"?>
<testsuite name="com.micklab.dcg.wrapper.net.VirtualNetworkTest" tests="7" skipped="0" failures="0" errors="0" timestamp="2026-05-09T13:29:17" hostname="localhost" time="0.418">
  <properties/>
  <testcase name="simpleWebServerStyleHttpGetReturnsHttpOkOverVirtualTcp" classname="com.micklab.dcg.wrapper.net.VirtualNetworkTest" time="0.003"/>
  <testcase name="closingAcceptedSocketClosesPeerStreams" classname="com.micklab.dcg.wrapper.net.VirtualNetworkTest" time="0.001"/>
  <testcase name="virtualServerSocketCloseUnblocksPendingAccept" classname="com.micklab.dcg.wrapper.net.VirtualNetworkTest" time="0.204"/>
  <testcase name="connectFailsWhenNoVirtualServerIsRegistered" classname="com.micklab.dcg.wrapper.net.VirtualNetworkTest" time="0.001"/>
  <testcase name="socketAndServerSocketExchangeData" classname="com.micklab.dcg.wrapper.net.VirtualNetworkTest" time="0.004"/>
  <testcase name="supportsMultipleConnectionsAndBlockingReads" classname="com.micklab.dcg.wrapper.net.VirtualNetworkTest" time="0.003"/>
  <testcase name="acceptBlocksUntilClientConnects" classname="com.micklab.dcg.wrapper.net.VirtualNetworkTest" time="0.202"/>
  <system-out><![CDATA[]]></system-out>
  <system-err><![CDATA[]]></system-err>
</testsuite>
