<?xml version="1.0" encoding="UTF-8"?>
<testsuite name="com.micklab.dcg.wrapper.net.VirtualNetworkTest" tests="7" skipped="0" failures="0" errors="0" timestamp="2026-05-08T13:46:11" hostname="localhost" time="0.451">
  <properties/>
  <testcase name="simpleWebServerStyleHttpGetReturnsHttpOkOverVirtualTcp" classname="com.micklab.dcg.wrapper.net.VirtualNetworkTest" time="0.008"/>
  <testcase name="closingAcceptedSocketClosesPeerStreams" classname="com.micklab.dcg.wrapper.net.VirtualNetworkTest" time="0.003"/>
  <testcase name="virtualServerSocketCloseUnblocksPendingAccept" classname="com.micklab.dcg.wrapper.net.VirtualNetworkTest" time="0.206"/>
  <testcase name="connectFailsWhenNoVirtualServerIsRegistered" classname="com.micklab.dcg.wrapper.net.VirtualNetworkTest" time="0.002"/>
  <testcase name="socketAndServerSocketExchangeData" classname="com.micklab.dcg.wrapper.net.VirtualNetworkTest" time="0.005"/>
  <testcase name="supportsMultipleConnectionsAndBlockingReads" classname="com.micklab.dcg.wrapper.net.VirtualNetworkTest" time="0.006"/>
  <testcase name="acceptBlocksUntilClientConnects" classname="com.micklab.dcg.wrapper.net.VirtualNetworkTest" time="0.205"/>
  <system-out><![CDATA[]]></system-out>
  <system-err><![CDATA[]]></system-err>
</testsuite>
