<?xml version="1.0" encoding="UTF-8"?>
<testsuite name="com.micklab.dcg.output.OutputModelJsonParserTest" tests="4" skipped="0" failures="0" errors="0" timestamp="2026-04-02T06:39:16" hostname="localhost" time="0.008">
  <properties/>
  <testcase name="parseSpecReadsWrappedOutputModelJson" classname="com.micklab.dcg.output.OutputModelJsonParserTest" time="0.006"/>
  <testcase name="parseSpecPreservesExtendedDslNodes" classname="com.micklab.dcg.output.OutputModelJsonParserTest" time="0.0"/>
  <testcase name="parseDocumentPreservesCommandsAlongsideSpec" classname="com.micklab.dcg.output.OutputModelJsonParserTest" time="0.001"/>
  <testcase name="parseSpecPreservesRowChildren" classname="com.micklab.dcg.output.OutputModelJsonParserTest" time="0.001"/>
  <system-out><![CDATA[]]></system-out>
  <system-err><![CDATA[]]></system-err>
</testsuite>
