<?xml version="1.0" encoding="UTF-8"?>
<testsuite name="com.micklab.dcg.executor.java.JavaExecutorTest" tests="5" skipped="0" failures="0" errors="0" timestamp="2026-03-30T00:03:03" hostname="localhost" time="0.019">
  <properties/>
  <testcase name="compilerArgumentsIncludeWrapperClasspathWhenProvided" classname="com.micklab.dcg.executor.java.JavaExecutorTest" time="0.012"/>
  <testcase name="runtimeVerificationChecksBatchCompilerPathOnly" classname="com.micklab.dcg.executor.java.JavaExecutorTest" time="0.001"/>
  <testcase name="compilerArgumentsIncludeRequiredEcjOptionsOrder" classname="com.micklab.dcg.executor.java.JavaExecutorTest" time="0.0"/>
  <testcase name="bundledCompilerLayoutMentionsAndroidCompatibleBundle" classname="com.micklab.dcg.executor.java.JavaExecutorTest" time="0.0"/>
  <testcase name="compilerArgumentsUseResolvedBootClasspath" classname="com.micklab.dcg.executor.java.JavaExecutorTest" time="0.0"/>
  <system-out><![CDATA[]]></system-out>
  <system-err><![CDATA[]]></system-err>
</testsuite>
