<?xml version="1.0" encoding="UTF-8"?>
<testsuite name="com.micklab.dcg.model.SupportedLanguageTest" tests="4" skipped="0" failures="0" errors="0" timestamp="2026-04-02T02:10:18" hostname="localhost" time="0.002">
  <properties/>
  <testcase name="javaFileExtensionMapsToJava" classname="com.micklab.dcg.model.SupportedLanguageTest" time="0.001"/>
  <testcase name="javaScriptFileExtensionMapsToJavaScript" classname="com.micklab.dcg.model.SupportedLanguageTest" time="0.0"/>
  <testcase name="kotlinFileExtensionMapsToKotlin" classname="com.micklab.dcg.model.SupportedLanguageTest" time="0.0"/>
  <testcase name="javaTemplateContainsPseudoMainActivityScaffold" classname="com.micklab.dcg.model.SupportedLanguageTest" time="0.001"/>
  <system-out><![CDATA[]]></system-out>
  <system-err><![CDATA[]]></system-err>
</testsuite>
