<?xml version="1.0" encoding="UTF-8"?>
<testsuite name="com.micklab.dcg.executor.java.JavaSourceParserTest" tests="5" skipped="0" failures="0" errors="0" timestamp="2026-03-30T23:04:51" hostname="localhost" time="0.252">
  <properties/>
  <testcase name="prepareForCompilationRewritesAndroidImportsAndQualifiedTypes" classname="com.micklab.dcg.executor.java.JavaSourceParserTest" time="0.246"/>
  <testcase name="prepareForCompilationRewritesAndroidGraphicsWildcardImport" classname="com.micklab.dcg.executor.java.JavaSourceParserTest" time="0.003"/>
  <testcase name="prepareForCompilationLeavesNonAndroidSourceUntouched" classname="com.micklab.dcg.executor.java.JavaSourceParserTest" time="0.0"/>
  <testcase name="parseRejectsMissingTypeDeclaration" classname="com.micklab.dcg.executor.java.JavaSourceParserTest" time="0.0"/>
  <testcase name="parseBuildsQualifiedClassName" classname="com.micklab.dcg.executor.java.JavaSourceParserTest" time="0.002"/>
  <system-out><![CDATA[]]></system-out>
  <system-err><![CDATA[]]></system-err>
</testsuite>
