<?xml version="1.0" encoding="UTF-8"?>
<testsuite name="com.micklab.dcg.output.DynamicOutputRuntimeTest" tests="4" skipped="0" failures="0" errors="0" timestamp="2026-04-01T11:35:46" hostname="localhost" time="0.025">
  <properties/>
  <testcase name="invokeActionPassesInputsAndCapturesStdout" classname="com.micklab.dcg.output.DynamicOutputRuntimeTest" time="0.013"/>
  <testcase name="extractStructuredOutputIncludesOutputModelJson" classname="com.micklab.dcg.output.DynamicOutputRuntimeTest" time="0.003"/>
  <testcase name="extractStructuredOutputKeepsMainReturnValueAndAddsDeclarativeUi" classname="com.micklab.dcg.output.DynamicOutputRuntimeTest" time="0.002"/>
  <testcase name="extractStructuredOutputDetectsViewFactoryMethod" classname="com.micklab.dcg.output.DynamicOutputRuntimeTest" time="0.007"/>
  <system-out><![CDATA[]]></system-out>
  <system-err><![CDATA[]]></system-err>
</testsuite>
