<?xml version="1.0" encoding="UTF-8"?>
<testsuite name="com.micklab.dcg.output.DynamicOutputRuntimeTest" tests="5" skipped="0" failures="0" errors="0" timestamp="2026-04-02T02:10:18" hostname="localhost" time="0.021">
  <properties/>
  <testcase name="extractStructuredOutputTreatsExtendedDeclarativeNodesAsInteractiveUi" classname="com.micklab.dcg.output.DynamicOutputRuntimeTest" time="0.007"/>
  <testcase name="invokeActionPassesInputsAndCapturesStdout" classname="com.micklab.dcg.output.DynamicOutputRuntimeTest" time="0.003"/>
  <testcase name="extractStructuredOutputIncludesOutputModelJson" classname="com.micklab.dcg.output.DynamicOutputRuntimeTest" time="0.002"/>
  <testcase name="extractStructuredOutputKeepsMainReturnValueAndAddsDeclarativeUi" classname="com.micklab.dcg.output.DynamicOutputRuntimeTest" time="0.002"/>
  <testcase name="extractStructuredOutputDetectsViewFactoryMethod" classname="com.micklab.dcg.output.DynamicOutputRuntimeTest" time="0.005"/>
  <system-out><![CDATA[]]></system-out>
  <system-err><![CDATA[]]></system-err>
</testsuite>
