<?xml version="1.0" encoding="UTF-8"?>
<testsuite name="com.micklab.dcg.executor.java.ProxyServerTest" tests="2" skipped="0" failures="0" errors="0" timestamp="2026-05-09T13:29:17" hostname="localhost" time="0.026">
  <properties/>
  <testcase name="proxyContinuesListeningAfterProcessStartFailure" classname="com.micklab.dcg.executor.java.ProxyServerTest" time="0.021"/>
  <testcase name="proxyBridgesRealTcpTrafficToJavaProcess" classname="com.micklab.dcg.executor.java.ProxyServerTest" time="0.005"/>
  <system-out><![CDATA[]]></system-out>
  <system-err><![CDATA[]]></system-err>
</testsuite>
