<?xml version="1.0" encoding="UTF-8"?>
<testsuite name="com.micklab.dcg.executor.java.ProxyThreadTest" tests="2" skipped="0" failures="0" errors="0" timestamp="2026-05-08T22:24:48" hostname="localhost" time="0.028">
  <properties/>
  <testcase name="proxyBridgesRealTcpTrafficToVirtualServer" classname="com.micklab.dcg.executor.java.ProxyThreadTest" time="0.022"/>
  <testcase name="proxyContinuesListeningAfterVirtualConnectFailure" classname="com.micklab.dcg.executor.java.ProxyThreadTest" time="0.006"/>
  <system-out><![CDATA[]]></system-out>
  <system-err><![CDATA[]]></system-err>
</testsuite>
