<?xml version="1.0" encoding="UTF-8"?>
<testsuite name="com.micklab.dcg.model.SupportedLanguageTest" tests="4" skipped="0" failures="0" errors="0" timestamp="2026-03-31T21:11:17" hostname="localhost" time="0.004">
  <properties/>
  <testcase name="javaFileExtensionMapsToJava" classname="com.micklab.dcg.model.SupportedLanguageTest" time="0.002"/>
  <testcase name="javaScriptFileExtensionMapsToJavaScript" classname="com.micklab.dcg.model.SupportedLanguageTest" time="0.0"/>
  <testcase name="kotlinFileExtensionMapsToKotlin" classname="com.micklab.dcg.model.SupportedLanguageTest" time="0.0"/>
  <testcase name="javaTemplateContainsPseudoMainActivityScaffold" classname="com.micklab.dcg.model.SupportedLanguageTest" time="0.001"/>
  <system-out><![CDATA[]]></system-out>
  <system-err><![CDATA[]]></system-err>
</testsuite>
