<?xml version="1.0" encoding="UTF-8"?>
<testsuite name="com.micklab.dcg.wrapper.pseudo.PseudoMainActivityTest" tests="2" skipped="0" failures="0" errors="0" timestamp="2026-04-01T11:35:46" hostname="localhost" time="0.011">
  <properties/>
  <testcase name="buildOutputSpecRejectsUnclosedRow" classname="com.micklab.dcg.wrapper.pseudo.PseudoMainActivityTest" time="0.007"/>
  <testcase name="buildOutputSpecPlacesDslChildrenInsideRow" classname="com.micklab.dcg.wrapper.pseudo.PseudoMainActivityTest" time="0.004"/>
  <system-out><![CDATA[]]></system-out>
  <system-err><![CDATA[]]></system-err>
</testsuite>
