<?xml version="1.0" encoding="UTF-8"?>
<testsuite name="com.micklab.dcg.wrapper.pseudo.PseudoMainActivityTest" tests="7" skipped="0" failures="0" errors="0" timestamp="2026-05-08T22:24:48" hostname="localhost" time="0.013">
  <properties/>
  <testcase name="outputModelJsonIncludesImageNodesAndClickHandlers" classname="com.micklab.dcg.wrapper.pseudo.PseudoMainActivityTest" time="0.004"/>
  <testcase name="staticDslHelpersRejectCallsOutsideRenderLifecycle" classname="com.micklab.dcg.wrapper.pseudo.PseudoMainActivityTest" time="0.002"/>
  <testcase name="buildOutputSpecSupportsTitlesLabelsSpacersAndReadOnlyInputs" classname="com.micklab.dcg.wrapper.pseudo.PseudoMainActivityTest" time="0.003"/>
  <testcase name="setInputEditableRejectsUnknownKeys" classname="com.micklab.dcg.wrapper.pseudo.PseudoMainActivityTest" time="0.001"/>
  <testcase name="buildOutputSpecRejectsUnclosedRow" classname="com.micklab.dcg.wrapper.pseudo.PseudoMainActivityTest" time="0.001"/>
  <testcase name="buildOutputSpecPlacesDslChildrenInsideRow" classname="com.micklab.dcg.wrapper.pseudo.PseudoMainActivityTest" time="0.001"/>
  <testcase name="outputModelJsonAllowsStaticDslHelpersDuringRenderLifecycle" classname="com.micklab.dcg.wrapper.pseudo.PseudoMainActivityTest" time="0.001"/>
  <system-out><![CDATA[]]></system-out>
  <system-err><![CDATA[]]></system-err>
</testsuite>
