<?xml version="1.0" encoding="UTF-8"?>
<testsuite name="com.micklab.dcg.executor.java.JavaSourceParserTest" tests="2" skipped="0" failures="0" errors="0" timestamp="2026-03-28T08:26:31" hostname="localhost" time="0.019">
  <properties/>
  <testcase name="parseRejectsMissingTypeDeclaration" classname="com.micklab.dcg.executor.java.JavaSourceParserTest" time="0.012"/>
  <testcase name="parseBuildsQualifiedClassName" classname="com.micklab.dcg.executor.java.JavaSourceParserTest" time="0.004"/>
  <system-out><![CDATA[]]></system-out>
  <system-err><![CDATA[]]></system-err>
</testsuite>
