<?xml version="1.0" encoding="UTF-8"?>
<testsuite name="com.micklab.dcg.wrapper.net.VirtualNetworkTest" tests="6" skipped="0" failures="0" errors="0" timestamp="2026-05-08T01:36:10" hostname="localhost" time="0.422">
  <properties/>
  <testcase name="closingAcceptedSocketClosesPeerStreams" classname="com.micklab.dcg.wrapper.net.VirtualNetworkTest" time="0.004"/>
  <testcase name="virtualServerSocketCloseUnblocksPendingAccept" classname="com.micklab.dcg.wrapper.net.VirtualNetworkTest" time="0.205"/>
  <testcase name="connectFailsWhenNoVirtualServerIsRegistered" classname="com.micklab.dcg.wrapper.net.VirtualNetworkTest" time="0.001"/>
  <testcase name="socketAndServerSocketExchangeData" classname="com.micklab.dcg.wrapper.net.VirtualNetworkTest" time="0.004"/>
  <testcase name="supportsMultipleConnectionsAndBlockingReads" classname="com.micklab.dcg.wrapper.net.VirtualNetworkTest" time="0.003"/>
  <testcase name="acceptBlocksUntilClientConnects" classname="com.micklab.dcg.wrapper.net.VirtualNetworkTest" time="0.203"/>
  <system-out><![CDATA[]]></system-out>
  <system-err><![CDATA[]]></system-err>
</testsuite>
