<?xml version="1.0" encoding="UTF-8"?>
<testsuite name="com.micklab.dcg.output.DynamicOutputRuntimeTest" tests="8" skipped="0" failures="0" errors="0" timestamp="2026-05-08T01:36:10" hostname="localhost" time="0.02">
  <properties/>
  <testcase name="extractStructuredOutputTreatsExtendedDeclarativeNodesAsInteractiveUi" classname="com.micklab.dcg.output.DynamicOutputRuntimeTest" time="0.004"/>
  <testcase name="invokeImageClickHandlerPassesCoordinatesToStaticMapMethod" classname="com.micklab.dcg.output.DynamicOutputRuntimeTest" time="0.002"/>
  <testcase name="invokeActionPassesInputsAndCapturesStdout" classname="com.micklab.dcg.output.DynamicOutputRuntimeTest" time="0.001"/>
  <testcase name="extractStructuredOutputIncludesOutputModelJson" classname="com.micklab.dcg.output.DynamicOutputRuntimeTest" time="0.002"/>
  <testcase name="rebuildPseudoMainActivityOutputUsesUpdatedStateWithoutClassReload" classname="com.micklab.dcg.output.DynamicOutputRuntimeTest" time="0.003"/>
  <testcase name="invokeImageClickHandlerReturnsNullWhenHandlerDoesNotReturnText" classname="com.micklab.dcg.output.DynamicOutputRuntimeTest" time="0.0"/>
  <testcase name="extractStructuredOutputKeepsMainReturnValueAndAddsDeclarativeUi" classname="com.micklab.dcg.output.DynamicOutputRuntimeTest" time="0.001"/>
  <testcase name="extractStructuredOutputDetectsViewFactoryMethod" classname="com.micklab.dcg.output.DynamicOutputRuntimeTest" time="0.005"/>
  <system-out><![CDATA[]]></system-out>
  <system-err><![CDATA[]]></system-err>
</testsuite>
